<?xml version="1.0" encoding="UTF-8"?>
<!-- Generated by org.testng.reporters.JUnitReportReporter -->
<testsuite hostname="LAPTOP-3PLMLOHF" failures="0" tests="1" name="com.facebook.testCases.TC_LogInTest_004" time="11.246" errors="0" timestamp="2022-07-14T00:51:33 IST" skipped="0">
  <testcase classname="com.facebook.testCases.TC_LogInTest_004" name="loginProcedure" time="11.246"/>
  <system-out/>
</testsuite> <!-- com.facebook.testCases.TC_LogInTest_004 -->
